/*C703*/SET SCHEMA PUBLIC
INSERT INTO TRANSACTION VALUES('75817508-6f6a-48c1-86aa-70c941a303a9',1000,'gui','2021-06-13 20:17:38.872231',200.00)
COMMIT
/*C708*/SET SCHEMA PUBLIC
DISCONNECT
/*C703*/DISCONNECT
/*C706*/SET SCHEMA PUBLIC
DISCONNECT
/*C707*/SET SCHEMA PUBLIC
DISCONNECT
/*C710*/SET SCHEMA PUBLIC
DISCONNECT
/*C709*/SET SCHEMA PUBLIC
DISCONNECT
/*C704*/SET SCHEMA PUBLIC
DISCONNECT
/*C711*/SET SCHEMA PUBLIC
DISCONNECT
/*C712*/SET SCHEMA PUBLIC
DISCONNECT
/*C705*/SET SCHEMA PUBLIC
DISCONNECT
/*C713*/SET SCHEMA PUBLIC
DISCONNECT
/*C714*/SET SCHEMA PUBLIC
DISCONNECT
/*C715*/SET SCHEMA PUBLIC
DISCONNECT
/*C717*/SET SCHEMA PUBLIC
DISCONNECT
/*C718*/SET SCHEMA PUBLIC
DISCONNECT
/*C719*/SET SCHEMA PUBLIC
DISCONNECT
/*C716*/SET SCHEMA PUBLIC
DISCONNECT
/*C721*/SET SCHEMA PUBLIC
DISCONNECT
/*C720*/SET SCHEMA PUBLIC
DISCONNECT
/*C722*/SET SCHEMA PUBLIC
DISCONNECT
/*C723*/SET SCHEMA PUBLIC
INSERT INTO TRANSACTION VALUES('b0b62eb1-4009-4f9c-972d-6b4ceafe1a77',222,'Aline','2021-06-13 21:10:39.618835',100.00)
COMMIT
DISCONNECT
/*C724*/SET SCHEMA PUBLIC
DISCONNECT
/*C727*/SET SCHEMA PUBLIC
DISCONNECT
/*C726*/SET SCHEMA PUBLIC
DISCONNECT
/*C725*/SET SCHEMA PUBLIC
DISCONNECT
/*C729*/SET SCHEMA PUBLIC
DISCONNECT
/*C731*/SET SCHEMA PUBLIC
DISCONNECT
/*C730*/SET SCHEMA PUBLIC
DISCONNECT
/*C728*/SET SCHEMA PUBLIC
DISCONNECT
/*C732*/SET SCHEMA PUBLIC
DISCONNECT
/*C733*/SET SCHEMA PUBLIC
INSERT INTO TRANSACTION VALUES('f97d19ea-cd5f-411d-9250-c7582abac808',1000,'Bart','2021-06-13 21:42:11.612891',1054.00)
COMMIT
/*C735*/SET SCHEMA PUBLIC
DISCONNECT
/*C734*/SET SCHEMA PUBLIC
DISCONNECT
/*C733*/DISCONNECT
/*C738*/SET SCHEMA PUBLIC
DISCONNECT
/*C739*/SET SCHEMA PUBLIC
DISCONNECT
/*C736*/SET SCHEMA PUBLIC
DISCONNECT
/*C737*/SET SCHEMA PUBLIC
DISCONNECT
/*C740*/SET SCHEMA PUBLIC
DISCONNECT
/*C742*/SET SCHEMA PUBLIC
DISCONNECT
/*C741*/SET SCHEMA PUBLIC
DISCONNECT
/*C743*/SET SCHEMA PUBLIC
DISCONNECT
/*C744*/SET SCHEMA PUBLIC
DISCONNECT
/*C749*/SET SCHEMA PUBLIC
DISCONNECT
/*C746*/SET SCHEMA PUBLIC
DISCONNECT
/*C748*/SET SCHEMA PUBLIC
DISCONNECT
/*C745*/SET SCHEMA PUBLIC
DISCONNECT
/*C747*/SET SCHEMA PUBLIC
DISCONNECT
/*C752*/SET SCHEMA PUBLIC
DISCONNECT
/*C751*/SET SCHEMA PUBLIC
DISCONNECT
/*C750*/SET SCHEMA PUBLIC
DISCONNECT
/*C754*/SET SCHEMA PUBLIC
DISCONNECT
/*C755*/SET SCHEMA PUBLIC
DISCONNECT
/*C757*/SET SCHEMA PUBLIC
DISCONNECT
/*C753*/SET SCHEMA PUBLIC
DISCONNECT
/*C756*/SET SCHEMA PUBLIC
DISCONNECT
/*C758*/SET SCHEMA PUBLIC
DISCONNECT
/*C759*/SET SCHEMA PUBLIC
DISCONNECT
/*C760*/SET SCHEMA PUBLIC
DISCONNECT
/*C762*/SET SCHEMA PUBLIC
DISCONNECT
/*C761*/SET SCHEMA PUBLIC
DISCONNECT
/*C763*/SET SCHEMA PUBLIC
INSERT INTO TRANSACTION VALUES('908dfff3-5583-4b50-8ce4-6b0469526279',323,'david','2021-06-13 23:26:34.142681',222.00)
COMMIT
INSERT INTO TRANSACTION VALUES('d527b8a1-417b-4072-89f1-a1c2d2c8ae7f',323,'david','2021-06-13 23:27:27.798847',222.00)
COMMIT
INSERT INTO TRANSACTION VALUES('d24b94fe-b830-4182-a1f0-bb3765890160',323,'david','2021-06-13 23:27:54.868722',222.00)
COMMIT
/*C764*/SET SCHEMA PUBLIC
DISCONNECT
/*C763*/DISCONNECT
/*C765*/SET SCHEMA PUBLIC
DISCONNECT
/*C768*/SET SCHEMA PUBLIC
DISCONNECT
/*C767*/SET SCHEMA PUBLIC
DISCONNECT
/*C766*/SET SCHEMA PUBLIC
DISCONNECT
/*C769*/SET SCHEMA PUBLIC
DISCONNECT
/*C770*/SET SCHEMA PUBLIC
DISCONNECT
/*C771*/SET SCHEMA PUBLIC
DISCONNECT
/*C772*/SET SCHEMA PUBLIC
DISCONNECT
